INFO:apscheduler.scheduler:Adding job tentatively -- it will be properly scheduled when the scheduler starts
INFO:apscheduler.scheduler:Added job "check_posts" to job store "default"
INFO:apscheduler.scheduler:Scheduler started
INFO:apscheduler.executors.default:Running job "check_posts (trigger: interval[0:00:03], next run at: 2024-02-11 18:37:35 MSK)" (scheduled at 2024-02-11 18:37:35.535237+03:00)
INFO:root:February 11 | 18:37:35 --> https://vk.com/ktskursk?w=wall-145391943_19989
INFO:root:February 11 | 18:37:35 --> https://vk.com/ktskursk?w=wall-145391943_19988
INFO:root:February 11 | 18:37:35 --> https://vk.com/ktskursk?w=wall-145391943_19987
INFO:root:February 11 | 18:37:35 --> https://vk.com/ktskursk?w=wall-145391943_19986
INFO:apscheduler.executors.default:Job "check_posts (trigger: interval[0:00:03], next run at: 2024-02-11 18:37:38 MSK)" executed successfully
INFO:apscheduler.executors.default:Running job "check_posts (trigger: interval[0:00:03], next run at: 2024-02-11 18:37:41 MSK)" (scheduled at 2024-02-11 18:37:38.535237+03:00)
INFO:apscheduler.executors.default:Job "check_posts (trigger: interval[0:00:03], next run at: 2024-02-11 18:37:41 MSK)" executed successfully
INFO:apscheduler.executors.default:Running job "check_posts (trigger: interval[0:00:03], next run at: 2024-02-11 18:37:44 MSK)" (scheduled at 2024-02-11 18:37:41.535237+03:00)
INFO:apscheduler.executors.default:Job "check_posts (trigger: interval[0:00:03], next run at: 2024-02-11 18:37:44 MSK)" executed successfully
INFO:apscheduler.executors.default:Running job "check_posts (trigger: interval[0:00:03], next run at: 2024-02-11 18:37:47 MSK)" (scheduled at 2024-02-11 18:37:44.535237+03:00)
INFO:apscheduler.executors.default:Job "check_posts (trigger: interval[0:00:03], next run at: 2024-02-11 18:37:47 MSK)" executed successfully
INFO:apscheduler.executors.default:Running job "check_posts (trigger: interval[0:00:03], next run at: 2024-02-11 18:37:50 MSK)" (scheduled at 2024-02-11 18:37:47.535237+03:00)
INFO:apscheduler.executors.default:Job "check_posts (trigger: interval[0:00:03], next run at: 2024-02-11 18:37:50 MSK)" executed successfully
INFO:apscheduler.executors.default:Running job "check_posts (trigger: interval[0:00:03], next run at: 2024-02-11 18:37:53 MSK)" (scheduled at 2024-02-11 18:37:50.535237+03:00)
INFO:apscheduler.executors.default:Job "check_posts (trigger: interval[0:00:03], next run at: 2024-02-11 18:37:53 MSK)" executed successfully
INFO:apscheduler.executors.default:Running job "check_posts (trigger: interval[0:00:03], next run at: 2024-02-11 18:37:56 MSK)" (scheduled at 2024-02-11 18:37:53.535237+03:00)
INFO:apscheduler.executors.default:Job "check_posts (trigger: interval[0:00:03], next run at: 2024-02-11 18:37:56 MSK)" executed successfully
INFO:apscheduler.executors.default:Running job "check_posts (trigger: interval[0:00:03], next run at: 2024-02-11 18:37:59 MSK)" (scheduled at 2024-02-11 18:37:56.535237+03:00)
INFO:apscheduler.executors.default:Job "check_posts (trigger: interval[0:00:03], next run at: 2024-02-11 18:37:59 MSK)" executed successfully
INFO:apscheduler.executors.default:Running job "check_posts (trigger: interval[0:00:03], next run at: 2024-02-11 18:38:02 MSK)" (scheduled at 2024-02-11 18:37:59.535237+03:00)
INFO:apscheduler.executors.default:Job "check_posts (trigger: interval[0:00:03], next run at: 2024-02-11 18:38:02 MSK)" executed successfully
INFO:apscheduler.scheduler:Adding job tentatively -- it will be properly scheduled when the scheduler starts
INFO:apscheduler.scheduler:Added job "check_posts" to job store "default"
INFO:apscheduler.scheduler:Scheduler started
INFO:root:February 25 | 14:29:47 --> Запуск
INFO:root:February 25 | 14:29:50 --> https://vk.com/ktskursk?w=wall-145391943_20322
INFO:root:February 25 | 14:29:50 --> https://vk.com/ktskursk?w=wall-145391943_20321
INFO:root:February 25 | 14:29:50 --> https://vk.com/ktskursk?w=wall-145391943_20320
INFO:root:February 25 | 14:29:50 --> https://vk.com/ktskursk?w=wall-145391943_20319
INFO:apscheduler.scheduler:Adding job tentatively -- it will be properly scheduled when the scheduler starts
INFO:apscheduler.scheduler:Added job "check_posts" to job store "default"
INFO:apscheduler.scheduler:Scheduler started
INFO:root:March 05 | 16:03:05 --> Запуск
INFO:apscheduler.scheduler:Adding job tentatively -- it will be properly scheduled when the scheduler starts
INFO:apscheduler.scheduler:Added job "check_posts" to job store "default"
INFO:apscheduler.scheduler:Scheduler started
INFO:root:March 05 | 16:03:47 --> Запуск
INFO:root:March 05 | 16:04:47 --> Проверено
INFO:root:March 05 | 16:04:47 --> https://vk.com/ktskursk?w=wall-145391943_20399
INFO:root:March 05 | 16:04:47 --> https://vk.com/ktskursk?w=wall-145391943_20398
INFO:root:March 05 | 16:04:47 --> https://vk.com/ktskursk?w=wall-145391943_20397
INFO:root:March 05 | 16:04:48 --> https://vk.com/ktskursk?w=wall-145391943_20396
INFO:root:March 05 | 16:05:47 --> Проверено
INFO:apscheduler.scheduler:Adding job tentatively -- it will be properly scheduled when the scheduler starts
INFO:apscheduler.scheduler:Added job "check_posts" to job store "default"
INFO:apscheduler.scheduler:Scheduler started
INFO:root:March 05 | 16:07:32 --> Запуск
INFO:root:March 05 | 16:08:33 --> Проверено
INFO:apscheduler.scheduler:Adding job tentatively -- it will be properly scheduled when the scheduler starts
INFO:apscheduler.scheduler:Added job "check_posts" to job store "default"
INFO:apscheduler.scheduler:Scheduler started
INFO:root:March 05 | 16:08:55 --> Запуск
INFO:root:March 05 | 16:09:55 --> Проверено
INFO:root:March 05 | 16:10:55 --> Проверено
INFO:root:March 05 | 16:11:55 --> Проверено
INFO:apscheduler.scheduler:Adding job tentatively -- it will be properly scheduled when the scheduler starts
INFO:apscheduler.scheduler:Added job "check_posts" to job store "default"
INFO:apscheduler.scheduler:Scheduler started
INFO:root:March 06 | 15:56:04 --> Запуск
INFO:root:March 06 | 15:56:54 --> Traceback (most recent call last):
  File "C:\Users\dimka\PycharmProjects\VkSender\main.py", line 97, in <module>
    main()
  File "C:\Users\dimka\PycharmProjects\VkSender\main.py", line 80, in main
    vk.messages.send(
  File "C:\Users\dimka\PycharmProjects\VkSender\venv\Lib\site-packages\vk_api\vk_api.py", line 737, in __call__
    return self._vk.method(self._method, kwargs)
           ^^^^^^^^^^^^^^^^^^^^^^^^^^^^^^^^^^^^^
  File "C:\Users\dimka\PycharmProjects\VkSender\venv\Lib\site-packages\vk_api\vk_api.py", line 697, in method
    raise error
vk_api.exceptions.ApiError: [100] One of the parameters specified was missing or invalid: keyboard contains incorrect JSON

INFO:root:March 06 | 15:57:04 --> Запуск
INFO:root:March 06 | 15:57:04 --> Проверено
INFO:root:March 06 | 15:57:05 --> https://vk.com/ktskursk?w=wall-145391943_20399
INFO:root:March 06 | 15:57:05 --> https://vk.com/ktskursk?w=wall-145391943_20398
INFO:root:March 06 | 15:58:04 --> Проверено
INFO:root:March 06 | 15:59:04 --> Проверено
INFO:root:March 06 | 16:00:04 --> Проверено
INFO:root:March 06 | 16:01:04 --> Проверено
INFO:apscheduler.scheduler:Adding job tentatively -- it will be properly scheduled when the scheduler starts
INFO:apscheduler.scheduler:Added job "check_posts" to job store "default"
INFO:apscheduler.scheduler:Scheduler started
INFO:root:March 06 | 16:01:46 --> Запуск
INFO:root:March 06 | 16:02:07 --> Traceback (most recent call last):
  File "C:\Users\dimka\PycharmProjects\VkSender\main.py", line 97, in <module>
    main()
  File "C:\Users\dimka\PycharmProjects\VkSender\main.py", line 80, in main
    vk.messages.send(
  File "C:\Users\dimka\PycharmProjects\VkSender\venv\Lib\site-packages\vk_api\vk_api.py", line 737, in __call__
    return self._vk.method(self._method, kwargs)
           ^^^^^^^^^^^^^^^^^^^^^^^^^^^^^^^^^^^^^
  File "C:\Users\dimka\PycharmProjects\VkSender\venv\Lib\site-packages\vk_api\vk_api.py", line 697, in method
    raise error
vk_api.exceptions.ApiError: [911] Keyboard format is invalid: row 2 contains too much columns

INFO:root:March 06 | 16:02:17 --> Запуск
INFO:apscheduler.scheduler:Adding job tentatively -- it will be properly scheduled when the scheduler starts
INFO:apscheduler.scheduler:Added job "check_posts" to job store "default"
INFO:apscheduler.scheduler:Scheduler started
INFO:root:March 06 | 16:02:21 --> Запуск
INFO:root:March 06 | 16:03:21 --> Проверено
INFO:apscheduler.scheduler:Adding job tentatively -- it will be properly scheduled when the scheduler starts
INFO:apscheduler.scheduler:Added job "check_posts" to job store "default"
INFO:apscheduler.scheduler:Scheduler started
INFO:root:March 06 | 16:03:41 --> Запуск
INFO:apscheduler.scheduler:Adding job tentatively -- it will be properly scheduled when the scheduler starts
INFO:apscheduler.scheduler:Added job "check_posts" to job store "default"
INFO:apscheduler.scheduler:Scheduler started
INFO:root:March 06 | 16:03:49 --> Запуск
INFO:root:March 06 | 16:04:49 --> Проверено
INFO:apscheduler.scheduler:Adding job tentatively -- it will be properly scheduled when the scheduler starts
INFO:apscheduler.scheduler:Added job "check_posts" to job store "default"
INFO:apscheduler.scheduler:Scheduler started
INFO:root:March 06 | 16:05:11 --> Запуск
INFO:root:March 06 | 16:06:11 --> Проверено
INFO:root:March 06 | 16:07:11 --> Проверено
INFO:root:March 06 | 16:08:11 --> Проверено
INFO:apscheduler.scheduler:Adding job tentatively -- it will be properly scheduled when the scheduler starts
INFO:apscheduler.scheduler:Added job "check_posts" to job store "default"
INFO:apscheduler.scheduler:Scheduler started
INFO:root:March 06 | 16:08:59 --> Запуск
INFO:root:March 06 | 16:09:08 --> Traceback (most recent call last):
  File "C:\Users\dimka\PycharmProjects\VkSender\main.py", line 101, in <module>
    main()
  File "C:\Users\dimka\PycharmProjects\VkSender\main.py", line 88, in main
    if event.object.payload.get('type') in calls:
       ^^^^^^^^^^^^^^^^^^^^^^^^
AttributeError: 'NoneType' object has no attribute 'get'

INFO:root:March 06 | 16:09:18 --> Запуск
INFO:root:March 06 | 16:09:59 --> Проверено
INFO:root:March 06 | 16:10:59 --> Проверено
INFO:apscheduler.scheduler:Adding job tentatively -- it will be properly scheduled when the scheduler starts
INFO:apscheduler.scheduler:Added job "check_posts" to job store "default"
INFO:apscheduler.scheduler:Scheduler started
INFO:root:March 06 | 16:11:05 --> Запуск
INFO:root:March 06 | 16:12:05 --> Проверено
INFO:root:March 06 | 16:12:10 --> Traceback (most recent call last):
  File "C:\Users\dimka\PycharmProjects\VkSender\main.py", line 102, in <module>
    main()
  File "C:\Users\dimka\PycharmProjects\VkSender\main.py", line 89, in main
    if event.object.payload.get('type') in calls:
       ^^^^^^^^^^^^^^^^^^^^^^^^
AttributeError: 'NoneType' object has no attribute 'get'

INFO:root:March 06 | 16:12:20 --> Запуск
INFO:root:March 06 | 16:13:05 --> Проверено
INFO:apscheduler.scheduler:Adding job tentatively -- it will be properly scheduled when the scheduler starts
INFO:apscheduler.scheduler:Added job "check_posts" to job store "default"
INFO:apscheduler.scheduler:Scheduler started
INFO:root:March 06 | 16:13:53 --> Запуск
INFO:apscheduler.scheduler:Adding job tentatively -- it will be properly scheduled when the scheduler starts
INFO:apscheduler.scheduler:Added job "check_posts" to job store "default"
INFO:apscheduler.scheduler:Scheduler started
INFO:root:March 06 | 16:14:21 --> Запуск
INFO:apscheduler.scheduler:Adding job tentatively -- it will be properly scheduled when the scheduler starts
INFO:apscheduler.scheduler:Added job "check_posts" to job store "default"
INFO:apscheduler.scheduler:Scheduler started
INFO:root:March 06 | 16:15:15 --> Запуск
INFO:root:March 06 | 16:16:15 --> Проверено
INFO:apscheduler.scheduler:Adding job tentatively -- it will be properly scheduled when the scheduler starts
INFO:apscheduler.scheduler:Added job "check_posts" to job store "default"
INFO:apscheduler.scheduler:Scheduler started
INFO:root:March 06 | 16:17:51 --> Запуск
INFO:root:March 06 | 16:18:51 --> Проверено
INFO:root:March 06 | 16:19:51 --> Проверено
INFO:root:March 06 | 16:20:51 --> Проверено
INFO:apscheduler.scheduler:Adding job tentatively -- it will be properly scheduled when the scheduler starts
INFO:apscheduler.scheduler:Added job "check_posts" to job store "default"
INFO:apscheduler.scheduler:Scheduler started
INFO:root:March 06 | 16:22:02 --> Запуск
INFO:apscheduler.scheduler:Adding job tentatively -- it will be properly scheduled when the scheduler starts
INFO:apscheduler.scheduler:Added job "check_posts" to job store "default"
INFO:apscheduler.scheduler:Scheduler started
INFO:root:March 06 | 16:24:29 --> Запуск
INFO:apscheduler.scheduler:Adding job tentatively -- it will be properly scheduled when the scheduler starts
INFO:apscheduler.scheduler:Added job "check_posts" to job store "default"
INFO:apscheduler.scheduler:Scheduler started
INFO:root:March 06 | 16:25:10 --> Запуск
INFO:root:March 06 | 16:25:35 --> Traceback (most recent call last):
  File "C:\Users\dimka\PycharmProjects\VkSender\main.py", line 105, in <module>
    main()
  File "C:\Users\dimka\PycharmProjects\VkSender\main.py", line 46, in main
    peer_id = str(event.message.get('peer_id'))
                  ^^^^^^^^^^^^^^^^^
AttributeError: 'NoneType' object has no attribute 'get'

INFO:root:March 06 | 16:25:45 --> Запуск
INFO:apscheduler.scheduler:Adding job tentatively -- it will be properly scheduled when the scheduler starts
INFO:apscheduler.scheduler:Added job "check_posts" to job store "default"
INFO:apscheduler.scheduler:Scheduler started
INFO:root:March 06 | 16:26:06 --> Запуск
INFO:root:March 06 | 16:26:20 --> Traceback (most recent call last):
  File "C:\Users\dimka\PycharmProjects\VkSender\main.py", line 106, in <module>
    main()
  File "C:\Users\dimka\PycharmProjects\VkSender\main.py", line 94, in main
    db.data[peer_id].update({setting: action})
            ^^^^^^^
UnboundLocalError: cannot access local variable 'peer_id' where it is not associated with a value

INFO:root:March 06 | 16:26:30 --> Запуск
INFO:apscheduler.scheduler:Adding job tentatively -- it will be properly scheduled when the scheduler starts
INFO:apscheduler.scheduler:Added job "check_posts" to job store "default"
INFO:apscheduler.scheduler:Scheduler started
INFO:root:March 06 | 16:26:42 --> Запуск
INFO:apscheduler.scheduler:Adding job tentatively -- it will be properly scheduled when the scheduler starts
INFO:apscheduler.scheduler:Added job "check_posts" to job store "default"
INFO:apscheduler.scheduler:Scheduler started
INFO:root:March 06 | 16:27:10 --> Запуск
INFO:root:March 06 | 16:28:10 --> Проверено
INFO:root:March 06 | 16:29:10 --> Проверено
INFO:root:March 06 | 16:30:10 --> Проверено
INFO:root:March 06 | 16:31:10 --> Проверено
INFO:root:March 06 | 16:32:10 --> Проверено
INFO:root:March 06 | 16:33:10 --> Проверено
INFO:root:March 06 | 16:34:10 --> Проверено
INFO:root:March 06 | 16:35:10 --> Проверено
INFO:root:March 06 | 16:36:10 --> Проверено
INFO:root:March 06 | 16:37:10 --> Проверено
INFO:root:March 06 | 16:38:10 --> Проверено
INFO:apscheduler.scheduler:Adding job tentatively -- it will be properly scheduled when the scheduler starts
INFO:apscheduler.scheduler:Added job "check_posts" to job store "default"
INFO:apscheduler.scheduler:Scheduler started
INFO:root:March 06 | 16:38:38 --> Запуск
INFO:root:March 06 | 16:38:48 --> Traceback (most recent call last):
  File "C:\Users\dimka\PycharmProjects\VkSender\main.py", line 114, in <module>
    main()
  File "C:\Users\dimka\PycharmProjects\VkSender\main.py", line 92, in main
    setting, action, msg_id = call.split("-")
    ^^^^^^^^^^^^^^^^^^^^^^^
ValueError: not enough values to unpack (expected 3, got 2)

INFO:root:March 06 | 16:38:58 --> Запуск
INFO:root:March 06 | 16:39:38 --> Проверено
INFO:root:March 06 | 16:40:38 --> Проверено
INFO:apscheduler.scheduler:Adding job tentatively -- it will be properly scheduled when the scheduler starts
INFO:apscheduler.scheduler:Added job "check_posts" to job store "default"
INFO:apscheduler.scheduler:Scheduler started
INFO:root:March 06 | 16:41:03 --> Запуск
INFO:root:March 06 | 16:42:03 --> Проверено
INFO:apscheduler.scheduler:Adding job tentatively -- it will be properly scheduled when the scheduler starts
INFO:apscheduler.scheduler:Added job "check_posts" to job store "default"
INFO:apscheduler.scheduler:Scheduler started
INFO:root:March 06 | 16:42:43 --> Запуск
INFO:apscheduler.scheduler:Adding job tentatively -- it will be properly scheduled when the scheduler starts
INFO:apscheduler.scheduler:Added job "check_posts" to job store "default"
INFO:apscheduler.scheduler:Scheduler started
INFO:root:March 06 | 16:43:37 --> Запуск
INFO:root:March 06 | 16:44:37 --> Проверено
INFO:apscheduler.scheduler:Adding job tentatively -- it will be properly scheduled when the scheduler starts
INFO:apscheduler.scheduler:Added job "check_posts" to job store "default"
INFO:apscheduler.scheduler:Scheduler started
INFO:root:March 06 | 16:44:47 --> Запуск
INFO:root:March 06 | 16:45:02 --> Traceback (most recent call last):
  File "C:\Users\dimka\PycharmProjects\VkSender\main.py", line 116, in <module>
    main()
  File "C:\Users\dimka\PycharmProjects\VkSender\main.py", line 100, in main
    vk.messages.edit(
  File "C:\Users\dimka\PycharmProjects\VkSender\venv\Lib\site-packages\vk_api\vk_api.py", line 737, in __call__
    return self._vk.method(self._method, kwargs)
           ^^^^^^^^^^^^^^^^^^^^^^^^^^^^^^^^^^^^^
  File "C:\Users\dimka\PycharmProjects\VkSender\venv\Lib\site-packages\vk_api\vk_api.py", line 697, in method
    raise error
vk_api.exceptions.ApiError: [100] One of the parameters specified was missing or invalid: message is empty or invalid

INFO:root:March 06 | 16:45:12 --> Запуск
INFO:apscheduler.scheduler:Adding job tentatively -- it will be properly scheduled when the scheduler starts
INFO:apscheduler.scheduler:Added job "check_posts" to job store "default"
INFO:apscheduler.scheduler:Scheduler started
INFO:root:March 06 | 16:45:24 --> Запуск
INFO:root:March 06 | 16:45:37 --> Traceback (most recent call last):
  File "C:\Users\dimka\PycharmProjects\VkSender\main.py", line 116, in <module>
    main()
  File "C:\Users\dimka\PycharmProjects\VkSender\main.py", line 99, in main
    vk.messages.edit(
  File "C:\Users\dimka\PycharmProjects\VkSender\venv\Lib\site-packages\vk_api\vk_api.py", line 737, in __call__
    return self._vk.method(self._method, kwargs)
           ^^^^^^^^^^^^^^^^^^^^^^^^^^^^^^^^^^^^^
  File "C:\Users\dimka\PycharmProjects\VkSender\venv\Lib\site-packages\vk_api\vk_api.py", line 697, in method
    raise error
vk_api.exceptions.ApiError: [10] Internal server error

INFO:root:March 06 | 16:45:47 --> Запуск
INFO:root:March 06 | 16:46:24 --> Проверено
INFO:root:March 06 | 16:47:11 --> Traceback (most recent call last):
  File "C:\Users\dimka\PycharmProjects\VkSender\main.py", line 116, in <module>
    main()
  File "C:\Users\dimka\PycharmProjects\VkSender\main.py", line 99, in main
    vk.messages.edit(
  File "C:\Users\dimka\PycharmProjects\VkSender\venv\Lib\site-packages\vk_api\vk_api.py", line 737, in __call__
    return self._vk.method(self._method, kwargs)
           ^^^^^^^^^^^^^^^^^^^^^^^^^^^^^^^^^^^^^
  File "C:\Users\dimka\PycharmProjects\VkSender\venv\Lib\site-packages\vk_api\vk_api.py", line 697, in method
    raise error
vk_api.exceptions.ApiError: [10] Internal server error

INFO:root:March 06 | 16:47:21 --> Запуск
INFO:root:March 06 | 16:47:24 --> Проверено
INFO:apscheduler.scheduler:Adding job tentatively -- it will be properly scheduled when the scheduler starts
INFO:apscheduler.scheduler:Added job "check_posts" to job store "default"
INFO:apscheduler.scheduler:Scheduler started
INFO:root:March 06 | 16:47:37 --> Запуск
INFO:root:March 06 | 16:47:46 --> Traceback (most recent call last):
  File "C:\Users\dimka\PycharmProjects\VkSender\main.py", line 118, in <module>
    main()
  File "C:\Users\dimka\PycharmProjects\VkSender\main.py", line 101, in main
    vk.messages.edit(
  File "C:\Users\dimka\PycharmProjects\VkSender\venv\Lib\site-packages\vk_api\vk_api.py", line 737, in __call__
    return self._vk.method(self._method, kwargs)
           ^^^^^^^^^^^^^^^^^^^^^^^^^^^^^^^^^^^^^
  File "C:\Users\dimka\PycharmProjects\VkSender\venv\Lib\site-packages\vk_api\vk_api.py", line 697, in method
    raise error
vk_api.exceptions.ApiError: [10] Internal server error

INFO:root:March 06 | 16:47:56 --> Запуск
INFO:root:March 06 | 16:48:37 --> Проверено
INFO:apscheduler.scheduler:Adding job tentatively -- it will be properly scheduled when the scheduler starts
INFO:apscheduler.scheduler:Added job "check_posts" to job store "default"
INFO:apscheduler.scheduler:Scheduler started
INFO:root:March 06 | 16:49:17 --> Запуск
INFO:root:March 06 | 16:49:29 --> Traceback (most recent call last):
  File "C:\Users\dimka\PycharmProjects\VkSender\main.py", line 118, in <module>
    main()
  File "C:\Users\dimka\PycharmProjects\VkSender\main.py", line 101, in main
    vk.messages.edit(
  File "C:\Users\dimka\PycharmProjects\VkSender\venv\Lib\site-packages\vk_api\vk_api.py", line 737, in __call__
    return self._vk.method(self._method, kwargs)
           ^^^^^^^^^^^^^^^^^^^^^^^^^^^^^^^^^^^^^
  File "C:\Users\dimka\PycharmProjects\VkSender\venv\Lib\site-packages\vk_api\vk_api.py", line 697, in method
    raise error
vk_api.exceptions.ApiError: [10] Internal server error

INFO:root:March 06 | 16:49:39 --> Запуск
INFO:root:March 06 | 16:50:17 --> Проверено
INFO:root:March 06 | 16:51:17 --> Проверено
INFO:root:March 06 | 16:52:17 --> Проверено
INFO:root:March 06 | 16:53:17 --> Проверено
INFO:root:March 06 | 16:54:17 --> Проверено
INFO:apscheduler.scheduler:Adding job tentatively -- it will be properly scheduled when the scheduler starts
INFO:apscheduler.scheduler:Added job "check_posts" to job store "default"
INFO:apscheduler.scheduler:Scheduler started
INFO:root:March 06 | 16:54:51 --> Запуск
INFO:root:March 06 | 16:55:27 --> Traceback (most recent call last):
  File "C:\Users\dimka\PycharmProjects\VkSender\main.py", line 118, in <module>
    main()
  File "C:\Users\dimka\PycharmProjects\VkSender\main.py", line 101, in main
    vk.messages.edit(
  File "C:\Users\dimka\PycharmProjects\VkSender\venv\Lib\site-packages\vk_api\vk_api.py", line 737, in __call__
    return self._vk.method(self._method, kwargs)
           ^^^^^^^^^^^^^^^^^^^^^^^^^^^^^^^^^^^^^
  File "C:\Users\dimka\PycharmProjects\VkSender\venv\Lib\site-packages\vk_api\vk_api.py", line 697, in method
    raise error
vk_api.exceptions.ApiError: [10] Internal server error

INFO:root:March 06 | 16:55:37 --> Запуск
INFO:root:March 06 | 16:55:51 --> Проверено
INFO:root:March 06 | 16:56:51 --> Проверено
INFO:root:March 06 | 16:57:51 --> Проверено
INFO:root:March 06 | 16:58:51 --> Проверено
INFO:root:March 06 | 16:59:51 --> Проверено
INFO:root:March 06 | 17:00:51 --> Проверено
INFO:root:March 06 | 17:01:51 --> Проверено
INFO:root:March 06 | 17:02:51 --> Проверено
INFO:root:March 06 | 17:03:51 --> Проверено
INFO:root:March 06 | 17:04:51 --> Проверено
INFO:root:March 06 | 17:05:51 --> Проверено
INFO:root:March 06 | 17:06:51 --> Проверено
INFO:root:March 06 | 17:07:51 --> Проверено
INFO:root:March 06 | 17:08:51 --> Проверено
INFO:root:March 06 | 17:09:51 --> Проверено
INFO:apscheduler.scheduler:Adding job tentatively -- it will be properly scheduled when the scheduler starts
INFO:apscheduler.scheduler:Added job "check_posts" to job store "default"
INFO:apscheduler.scheduler:Scheduler started
INFO:root:March 09 | 12:35:12 --> Запуск
INFO:root:March 09 | 12:36:12 --> Проверено
INFO:root:March 09 | 12:36:42 --> Traceback (most recent call last):
  File "C:\Users\dimka\PycharmProjects\VkSender\main.py", line 118, in <module>
    main()
  File "C:\Users\dimka\PycharmProjects\VkSender\main.py", line 101, in main
    vk.messages.edit(
  File "C:\Users\dimka\PycharmProjects\VkSender\venv\Lib\site-packages\vk_api\vk_api.py", line 737, in __call__
    return self._vk.method(self._method, kwargs)
           ^^^^^^^^^^^^^^^^^^^^^^^^^^^^^^^^^^^^^
  File "C:\Users\dimka\PycharmProjects\VkSender\venv\Lib\site-packages\vk_api\vk_api.py", line 697, in method
    raise error
vk_api.exceptions.ApiError: [10] Internal server error

INFO:root:March 09 | 12:36:52 --> Запуск
INFO:root:March 09 | 12:37:12 --> Проверено
INFO:apscheduler.scheduler:Adding job tentatively -- it will be properly scheduled when the scheduler starts
INFO:apscheduler.scheduler:Added job "check_posts" to job store "default"
INFO:apscheduler.scheduler:Scheduler started
INFO:root:March 09 | 12:38:15 --> Запуск
INFO:root:March 09 | 12:38:22 --> Traceback (most recent call last):
  File "C:\Users\dimka\PycharmProjects\VkSender\main.py", line 118, in <module>
    main()
  File "C:\Users\dimka\PycharmProjects\VkSender\main.py", line 101, in main
    vk.messages.edit(
  File "C:\Users\dimka\PycharmProjects\VkSender\venv\Lib\site-packages\vk_api\vk_api.py", line 737, in __call__
    return self._vk.method(self._method, kwargs)
           ^^^^^^^^^^^^^^^^^^^^^^^^^^^^^^^^^^^^^
  File "C:\Users\dimka\PycharmProjects\VkSender\venv\Lib\site-packages\vk_api\vk_api.py", line 697, in method
    raise error
vk_api.exceptions.ApiError: [10] Internal server error

INFO:root:March 09 | 12:38:32 --> Запуск
INFO:apscheduler.scheduler:Adding job tentatively -- it will be properly scheduled when the scheduler starts
INFO:apscheduler.scheduler:Added job "check_posts" to job store "default"
INFO:apscheduler.scheduler:Scheduler started
INFO:root:March 09 | 12:38:35 --> Запуск
INFO:root:March 09 | 12:38:42 --> Traceback (most recent call last):
  File "C:\Users\dimka\PycharmProjects\VkSender\main.py", line 118, in <module>
    main()
  File "C:\Users\dimka\PycharmProjects\VkSender\main.py", line 101, in main
    vk.messages.edit(
  File "C:\Users\dimka\PycharmProjects\VkSender\venv\Lib\site-packages\vk_api\vk_api.py", line 737, in __call__
    return self._vk.method(self._method, kwargs)
           ^^^^^^^^^^^^^^^^^^^^^^^^^^^^^^^^^^^^^
  File "C:\Users\dimka\PycharmProjects\VkSender\venv\Lib\site-packages\vk_api\vk_api.py", line 697, in method
    raise error
vk_api.exceptions.ApiError: [10] Internal server error

INFO:apscheduler.scheduler:Adding job tentatively -- it will be properly scheduled when the scheduler starts
INFO:apscheduler.scheduler:Added job "check_posts" to job store "default"
INFO:apscheduler.scheduler:Scheduler started
INFO:root:March 09 | 12:38:59 --> Запуск
INFO:root:March 09 | 12:39:59 --> Проверено
INFO:root:March 09 | 12:40:59 --> Проверено
INFO:root:March 09 | 12:41:59 --> Проверено
INFO:apscheduler.scheduler:Adding job tentatively -- it will be properly scheduled when the scheduler starts
INFO:apscheduler.scheduler:Added job "check_posts" to job store "default"
INFO:apscheduler.scheduler:Scheduler started
INFO:root:March 09 | 12:42:48 --> Запуск
INFO:root:March 09 | 12:43:00 --> Traceback (most recent call last):
  File "C:\Users\dimka\PycharmProjects\VkSender\main.py", line 123, in <module>
    main()
  File "C:\Users\dimka\PycharmProjects\VkSender\main.py", line 101, in main
    vk.messages.delete(
  File "C:\Users\dimka\PycharmProjects\VkSender\venv\Lib\site-packages\vk_api\vk_api.py", line 737, in __call__
    return self._vk.method(self._method, kwargs)
           ^^^^^^^^^^^^^^^^^^^^^^^^^^^^^^^^^^^^^
  File "C:\Users\dimka\PycharmProjects\VkSender\venv\Lib\site-packages\vk_api\vk_api.py", line 697, in method
    raise error
vk_api.exceptions.ApiError: [100] One of the parameters specified was missing or invalid: message_ids or cmids is undefined

INFO:root:March 09 | 12:43:10 --> Запуск
INFO:apscheduler.scheduler:Adding job tentatively -- it will be properly scheduled when the scheduler starts
INFO:apscheduler.scheduler:Added job "check_posts" to job store "default"
INFO:apscheduler.scheduler:Scheduler started
INFO:root:March 09 | 12:43:23 --> Запуск
INFO:root:March 09 | 12:43:40 --> Traceback (most recent call last):
  File "C:\Users\dimka\PycharmProjects\VkSender\main.py", line 123, in <module>
    main()
  File "C:\Users\dimka\PycharmProjects\VkSender\main.py", line 101, in main
    vk.messages.delete(
  File "C:\Users\dimka\PycharmProjects\VkSender\venv\Lib\site-packages\vk_api\vk_api.py", line 737, in __call__
    return self._vk.method(self._method, kwargs)
           ^^^^^^^^^^^^^^^^^^^^^^^^^^^^^^^^^^^^^
  File "C:\Users\dimka\PycharmProjects\VkSender\venv\Lib\site-packages\vk_api\vk_api.py", line 697, in method
    raise error
vk_api.exceptions.ApiError: [100] One of the parameters specified was missing or invalid: message_ids or cmids is undefined

INFO:root:March 09 | 12:43:50 --> Запуск
INFO:apscheduler.scheduler:Adding job tentatively -- it will be properly scheduled when the scheduler starts
INFO:apscheduler.scheduler:Added job "check_posts" to job store "default"
INFO:apscheduler.scheduler:Scheduler started
INFO:root:March 09 | 12:44:24 --> Запуск
INFO:root:March 09 | 12:44:33 --> Traceback (most recent call last):
  File "C:\Users\dimka\PycharmProjects\VkSender\main.py", line 123, in <module>
    main()
  File "C:\Users\dimka\PycharmProjects\VkSender\main.py", line 101, in main
    vk.messages.delete(
  File "C:\Users\dimka\PycharmProjects\VkSender\venv\Lib\site-packages\vk_api\vk_api.py", line 737, in __call__
    return self._vk.method(self._method, kwargs)
           ^^^^^^^^^^^^^^^^^^^^^^^^^^^^^^^^^^^^^
  File "C:\Users\dimka\PycharmProjects\VkSender\venv\Lib\site-packages\vk_api\vk_api.py", line 697, in method
    raise error
vk_api.exceptions.ApiError: [100] One of the parameters specified was missing or invalid: message_ids or cmids is undefined

INFO:root:March 09 | 12:44:43 --> Запуск
INFO:apscheduler.scheduler:Adding job tentatively -- it will be properly scheduled when the scheduler starts
INFO:apscheduler.scheduler:Added job "check_posts" to job store "default"
INFO:apscheduler.scheduler:Scheduler started
INFO:root:March 09 | 12:44:49 --> Запуск
INFO:root:March 09 | 12:44:52 --> Traceback (most recent call last):
  File "C:\Users\dimka\PycharmProjects\VkSender\main.py", line 123, in <module>
    main()
  File "C:\Users\dimka\PycharmProjects\VkSender\main.py", line 101, in main
    vk.messages.delete(
  File "C:\Users\dimka\PycharmProjects\VkSender\venv\Lib\site-packages\vk_api\vk_api.py", line 737, in __call__
    return self._vk.method(self._method, kwargs)
           ^^^^^^^^^^^^^^^^^^^^^^^^^^^^^^^^^^^^^
  File "C:\Users\dimka\PycharmProjects\VkSender\venv\Lib\site-packages\vk_api\vk_api.py", line 697, in method
    raise error
vk_api.exceptions.ApiError: [100] One of the parameters specified was missing or invalid: message_ids or cmids is undefined

INFO:root:March 09 | 12:45:02 --> Запуск
INFO:apscheduler.scheduler:Adding job tentatively -- it will be properly scheduled when the scheduler starts
INFO:apscheduler.scheduler:Added job "check_posts" to job store "default"
INFO:apscheduler.scheduler:Scheduler started
INFO:root:March 09 | 12:45:15 --> Запуск
INFO:root:March 09 | 12:45:27 --> Traceback (most recent call last):
  File "C:\Users\dimka\PycharmProjects\VkSender\main.py", line 123, in <module>
    main()
  File "C:\Users\dimka\PycharmProjects\VkSender\main.py", line 101, in main
    vk.messages.delete(
  File "C:\Users\dimka\PycharmProjects\VkSender\venv\Lib\site-packages\vk_api\vk_api.py", line 737, in __call__
    return self._vk.method(self._method, kwargs)
           ^^^^^^^^^^^^^^^^^^^^^^^^^^^^^^^^^^^^^
  File "C:\Users\dimka\PycharmProjects\VkSender\venv\Lib\site-packages\vk_api\vk_api.py", line 697, in method
    raise error
vk_api.exceptions.ApiError: [100] One of the parameters specified was missing or invalid: message_ids or cmids is undefined

INFO:root:March 09 | 12:45:37 --> Запуск
INFO:root:March 09 | 12:46:15 --> Проверено
INFO:root:March 09 | 12:47:15 --> Проверено
INFO:root:March 09 | 12:48:15 --> Проверено
INFO:root:March 09 | 12:49:15 --> Проверено
INFO:root:March 09 | 12:50:15 --> Проверено
INFO:root:March 09 | 12:51:15 --> Проверено
INFO:root:March 09 | 12:52:15 --> Проверено
INFO:root:March 09 | 12:52:51 --> Traceback (most recent call last):
  File "C:\Users\dimka\PycharmProjects\VkSender\venv\Lib\site-packages\urllib3\connectionpool.py", line 790, in urlopen
    response = self._make_request(
               ^^^^^^^^^^^^^^^^^^^
  File "C:\Users\dimka\PycharmProjects\VkSender\venv\Lib\site-packages\urllib3\connectionpool.py", line 536, in _make_request
    response = conn.getresponse()
               ^^^^^^^^^^^^^^^^^^
  File "C:\Users\dimka\PycharmProjects\VkSender\venv\Lib\site-packages\urllib3\connection.py", line 461, in getresponse
    httplib_response = super().getresponse()
                       ^^^^^^^^^^^^^^^^^^^^^
  File "C:\Users\dimka\AppData\Local\Programs\Python\Python311\Lib\http\client.py", line 1374, in getresponse
    response.begin()
  File "C:\Users\dimka\AppData\Local\Programs\Python\Python311\Lib\http\client.py", line 318, in begin
    version, status, reason = self._read_status()
                              ^^^^^^^^^^^^^^^^^^^
  File "C:\Users\dimka\AppData\Local\Programs\Python\Python311\Lib\http\client.py", line 287, in _read_status
    raise RemoteDisconnected("Remote end closed connection without"
http.client.RemoteDisconnected: Remote end closed connection without response

During handling of the above exception, another exception occurred:

Traceback (most recent call last):
  File "C:\Users\dimka\PycharmProjects\VkSender\venv\Lib\site-packages\requests\adapters.py", line 486, in send
    resp = conn.urlopen(
           ^^^^^^^^^^^^^
  File "C:\Users\dimka\PycharmProjects\VkSender\venv\Lib\site-packages\urllib3\connectionpool.py", line 844, in urlopen
    retries = retries.increment(
              ^^^^^^^^^^^^^^^^^^
  File "C:\Users\dimka\PycharmProjects\VkSender\venv\Lib\site-packages\urllib3\util\retry.py", line 470, in increment
    raise reraise(type(error), error, _stacktrace)
          ^^^^^^^^^^^^^^^^^^^^^^^^^^^^^^^^^^^^^^^^
  File "C:\Users\dimka\PycharmProjects\VkSender\venv\Lib\site-packages\urllib3\util\util.py", line 38, in reraise
    raise value.with_traceback(tb)
  File "C:\Users\dimka\PycharmProjects\VkSender\venv\Lib\site-packages\urllib3\connectionpool.py", line 790, in urlopen
    response = self._make_request(
               ^^^^^^^^^^^^^^^^^^^
  File "C:\Users\dimka\PycharmProjects\VkSender\venv\Lib\site-packages\urllib3\connectionpool.py", line 536, in _make_request
    response = conn.getresponse()
               ^^^^^^^^^^^^^^^^^^
  File "C:\Users\dimka\PycharmProjects\VkSender\venv\Lib\site-packages\urllib3\connection.py", line 461, in getresponse
    httplib_response = super().getresponse()
                       ^^^^^^^^^^^^^^^^^^^^^
  File "C:\Users\dimka\AppData\Local\Programs\Python\Python311\Lib\http\client.py", line 1374, in getresponse
    response.begin()
  File "C:\Users\dimka\AppData\Local\Programs\Python\Python311\Lib\http\client.py", line 318, in begin
    version, status, reason = self._read_status()
                              ^^^^^^^^^^^^^^^^^^^
  File "C:\Users\dimka\AppData\Local\Programs\Python\Python311\Lib\http\client.py", line 287, in _read_status
    raise RemoteDisconnected("Remote end closed connection without"
urllib3.exceptions.ProtocolError: ('Connection aborted.', RemoteDisconnected('Remote end closed connection without response'))

During handling of the above exception, another exception occurred:

Traceback (most recent call last):
  File "C:\Users\dimka\PycharmProjects\VkSender\main.py", line 123, in <module>
    main()
  File "C:\Users\dimka\PycharmProjects\VkSender\main.py", line 81, in main
    vk.messages.send(
  File "C:\Users\dimka\PycharmProjects\VkSender\venv\Lib\site-packages\vk_api\vk_api.py", line 737, in __call__
    return self._vk.method(self._method, kwargs)
           ^^^^^^^^^^^^^^^^^^^^^^^^^^^^^^^^^^^^^
  File "C:\Users\dimka\PycharmProjects\VkSender\venv\Lib\site-packages\vk_api\vk_api.py", line 660, in method
    response = self.http.post(
               ^^^^^^^^^^^^^^^
  File "C:\Users\dimka\PycharmProjects\VkSender\venv\Lib\site-packages\requests\sessions.py", line 637, in post
    return self.request("POST", url, data=data, json=json, **kwargs)
           ^^^^^^^^^^^^^^^^^^^^^^^^^^^^^^^^^^^^^^^^^^^^^^^^^^^^^^^^^
  File "C:\Users\dimka\PycharmProjects\VkSender\venv\Lib\site-packages\requests\sessions.py", line 589, in request
    resp = self.send(prep, **send_kwargs)
           ^^^^^^^^^^^^^^^^^^^^^^^^^^^^^^
  File "C:\Users\dimka\PycharmProjects\VkSender\venv\Lib\site-packages\requests\sessions.py", line 703, in send
    r = adapter.send(request, **kwargs)
        ^^^^^^^^^^^^^^^^^^^^^^^^^^^^^^^
  File "C:\Users\dimka\PycharmProjects\VkSender\venv\Lib\site-packages\requests\adapters.py", line 501, in send
    raise ConnectionError(err, request=request)
requests.exceptions.ConnectionError: ('Connection aborted.', RemoteDisconnected('Remote end closed connection without response'))

INFO:apscheduler.scheduler:Adding job tentatively -- it will be properly scheduled when the scheduler starts
INFO:apscheduler.scheduler:Added job "check_posts" to job store "default"
INFO:apscheduler.scheduler:Scheduler started
INFO:root:March 09 | 12:52:59 --> Запуск
INFO:root:March 09 | 12:53:05 --> Traceback (most recent call last):
  File "C:\Users\dimka\PycharmProjects\VkSender\main.py", line 123, in <module>
    main()
  File "C:\Users\dimka\PycharmProjects\VkSender\main.py", line 101, in main
    vk.messages.delete(
  File "C:\Users\dimka\PycharmProjects\VkSender\venv\Lib\site-packages\vk_api\vk_api.py", line 737, in __call__
    return self._vk.method(self._method, kwargs)
           ^^^^^^^^^^^^^^^^^^^^^^^^^^^^^^^^^^^^^
  File "C:\Users\dimka\PycharmProjects\VkSender\venv\Lib\site-packages\vk_api\vk_api.py", line 697, in method
    raise error
vk_api.exceptions.ApiError: [100] One of the parameters specified was missing or invalid: message_ids or cmids is undefined

INFO:root:March 09 | 12:53:15 --> Запуск
INFO:apscheduler.scheduler:Adding job tentatively -- it will be properly scheduled when the scheduler starts
INFO:apscheduler.scheduler:Added job "check_posts" to job store "default"
INFO:apscheduler.scheduler:Scheduler started
INFO:root:March 09 | 13:00:50 --> Запуск
INFO:root:March 09 | 13:00:56 --> Traceback (most recent call last):
  File "C:\Users\dimka\PycharmProjects\VkSender\main.py", line 123, in <module>
    main()
  File "C:\Users\dimka\PycharmProjects\VkSender\main.py", line 101, in main
    vk.messages.delete(
  File "C:\Users\dimka\PycharmProjects\VkSender\venv\Lib\site-packages\vk_api\vk_api.py", line 737, in __call__
    return self._vk.method(self._method, kwargs)
           ^^^^^^^^^^^^^^^^^^^^^^^^^^^^^^^^^^^^^
  File "C:\Users\dimka\PycharmProjects\VkSender\venv\Lib\site-packages\vk_api\vk_api.py", line 697, in method
    raise error
vk_api.exceptions.ApiError: [10] Internal server error

INFO:root:March 09 | 13:01:06 --> Запуск
INFO:root:March 09 | 13:01:50 --> Проверено
INFO:root:March 09 | 13:02:50 --> Проверено
INFO:root:March 09 | 13:03:50 --> Проверено
INFO:root:March 09 | 13:04:50 --> Проверено
INFO:root:March 09 | 13:05:50 --> Проверено
INFO:apscheduler.scheduler:Adding job tentatively -- it will be properly scheduled when the scheduler starts
INFO:apscheduler.scheduler:Added job "check_posts" to job store "default"
INFO:apscheduler.scheduler:Scheduler started
INFO:root:March 09 | 13:06:23 --> Запуск
INFO:root:March 09 | 13:06:43 --> Traceback (most recent call last):
  File "C:\Users\dimka\PycharmProjects\VkSender\main.py", line 124, in <module>
    main()
  File "C:\Users\dimka\PycharmProjects\VkSender\main.py", line 102, in main
    vk.messages.delete(
  File "C:\Users\dimka\PycharmProjects\VkSender\venv\Lib\site-packages\vk_api\vk_api.py", line 737, in __call__
    return self._vk.method(self._method, kwargs)
           ^^^^^^^^^^^^^^^^^^^^^^^^^^^^^^^^^^^^^
  File "C:\Users\dimka\PycharmProjects\VkSender\venv\Lib\site-packages\vk_api\vk_api.py", line 697, in method
    raise error
vk_api.exceptions.ApiError: [10] Internal server error

INFO:root:March 09 | 13:06:53 --> Запуск
INFO:root:March 09 | 13:07:23 --> Проверено
INFO:apscheduler.scheduler:Adding job tentatively -- it will be properly scheduled when the scheduler starts
INFO:apscheduler.scheduler:Added job "check_posts" to job store "default"
INFO:apscheduler.scheduler:Scheduler started
INFO:root:March 09 | 13:07:38 --> Запуск
INFO:root:March 09 | 13:08:38 --> Проверено
INFO:root:March 09 | 13:09:38 --> Проверено
INFO:root:March 09 | 13:10:38 --> Проверено
INFO:root:March 09 | 13:11:38 --> Проверено
INFO:root:March 09 | 13:12:38 --> Проверено
INFO:root:March 09 | 13:13:38 --> Проверено
INFO:root:March 09 | 13:14:38 --> Проверено
INFO:root:March 09 | 13:15:38 --> Проверено
INFO:apscheduler.scheduler:Adding job tentatively -- it will be properly scheduled when the scheduler starts
INFO:apscheduler.scheduler:Added job "check_posts" to job store "default"
INFO:apscheduler.scheduler:Scheduler started
INFO:root:March 09 | 13:16:13 --> Запуск
INFO:root:March 09 | 13:16:20 --> Traceback (most recent call last):
  File "C:\Users\dimka\PycharmProjects\VkSender\main.py", line 120, in <module>
    main()
  File "C:\Users\dimka\PycharmProjects\VkSender\main.py", line 104, in main
    vk.messages.edit(
  File "C:\Users\dimka\PycharmProjects\VkSender\venv\Lib\site-packages\vk_api\vk_api.py", line 737, in __call__
    return self._vk.method(self._method, kwargs)
           ^^^^^^^^^^^^^^^^^^^^^^^^^^^^^^^^^^^^^
  File "C:\Users\dimka\PycharmProjects\VkSender\venv\Lib\site-packages\vk_api\vk_api.py", line 697, in method
    raise error
vk_api.exceptions.ApiError: [100] One of the parameters specified was missing or invalid: message_id not integer

INFO:root:March 09 | 13:16:30 --> Запуск
INFO:apscheduler.scheduler:Adding job tentatively -- it will be properly scheduled when the scheduler starts
INFO:apscheduler.scheduler:Added job "check_posts" to job store "default"
INFO:apscheduler.scheduler:Scheduler started
INFO:root:March 09 | 13:16:42 --> Запуск
INFO:root:March 09 | 13:16:47 --> Traceback (most recent call last):
  File "C:\Users\dimka\PycharmProjects\VkSender\main.py", line 120, in <module>
    main()
  File "C:\Users\dimka\PycharmProjects\VkSender\main.py", line 104, in main
    vk.messages.edit(
  File "C:\Users\dimka\PycharmProjects\VkSender\venv\Lib\site-packages\vk_api\vk_api.py", line 737, in __call__
    return self._vk.method(self._method, kwargs)
           ^^^^^^^^^^^^^^^^^^^^^^^^^^^^^^^^^^^^^
  File "C:\Users\dimka\PycharmProjects\VkSender\venv\Lib\site-packages\vk_api\vk_api.py", line 697, in method
    raise error
vk_api.exceptions.ApiError: [100] One of the parameters specified was missing or invalid: message_id not integer

INFO:root:March 09 | 13:16:57 --> Запуск
INFO:root:March 09 | 13:17:42 --> Проверено
INFO:root:March 09 | 13:18:42 --> Проверено
INFO:root:March 09 | 13:19:42 --> Проверено
INFO:apscheduler.scheduler:Adding job tentatively -- it will be properly scheduled when the scheduler starts
INFO:apscheduler.scheduler:Added job "check_posts" to job store "default"
INFO:apscheduler.scheduler:Scheduler started
INFO:root:March 09 | 13:21:54 --> Запуск
INFO:root:March 09 | 13:22:54 --> Проверено
INFO:apscheduler.scheduler:Adding job tentatively -- it will be properly scheduled when the scheduler starts
INFO:apscheduler.scheduler:Added job "check_posts" to job store "default"
INFO:apscheduler.scheduler:Scheduler started
INFO:root:March 09 | 13:23:07 --> Запуск
INFO:root:March 09 | 13:24:07 --> Проверено
INFO:root:March 09 | 13:25:07 --> Проверено
INFO:root:March 09 | 13:26:07 --> Проверено
INFO:root:March 09 | 13:26:49 --> Traceback (most recent call last):
  File "C:\Users\dimka\PycharmProjects\VkSender\venv\Lib\site-packages\urllib3\connectionpool.py", line 790, in urlopen
    response = self._make_request(
               ^^^^^^^^^^^^^^^^^^^
  File "C:\Users\dimka\PycharmProjects\VkSender\venv\Lib\site-packages\urllib3\connectionpool.py", line 536, in _make_request
    response = conn.getresponse()
               ^^^^^^^^^^^^^^^^^^
  File "C:\Users\dimka\PycharmProjects\VkSender\venv\Lib\site-packages\urllib3\connection.py", line 461, in getresponse
    httplib_response = super().getresponse()
                       ^^^^^^^^^^^^^^^^^^^^^
  File "C:\Users\dimka\AppData\Local\Programs\Python\Python311\Lib\http\client.py", line 1374, in getresponse
    response.begin()
  File "C:\Users\dimka\AppData\Local\Programs\Python\Python311\Lib\http\client.py", line 318, in begin
    version, status, reason = self._read_status()
                              ^^^^^^^^^^^^^^^^^^^
  File "C:\Users\dimka\AppData\Local\Programs\Python\Python311\Lib\http\client.py", line 287, in _read_status
    raise RemoteDisconnected("Remote end closed connection without"
http.client.RemoteDisconnected: Remote end closed connection without response

During handling of the above exception, another exception occurred:

Traceback (most recent call last):
  File "C:\Users\dimka\PycharmProjects\VkSender\venv\Lib\site-packages\requests\adapters.py", line 486, in send
    resp = conn.urlopen(
           ^^^^^^^^^^^^^
  File "C:\Users\dimka\PycharmProjects\VkSender\venv\Lib\site-packages\urllib3\connectionpool.py", line 844, in urlopen
    retries = retries.increment(
              ^^^^^^^^^^^^^^^^^^
  File "C:\Users\dimka\PycharmProjects\VkSender\venv\Lib\site-packages\urllib3\util\retry.py", line 470, in increment
    raise reraise(type(error), error, _stacktrace)
          ^^^^^^^^^^^^^^^^^^^^^^^^^^^^^^^^^^^^^^^^
  File "C:\Users\dimka\PycharmProjects\VkSender\venv\Lib\site-packages\urllib3\util\util.py", line 38, in reraise
    raise value.with_traceback(tb)
  File "C:\Users\dimka\PycharmProjects\VkSender\venv\Lib\site-packages\urllib3\connectionpool.py", line 790, in urlopen
    response = self._make_request(
               ^^^^^^^^^^^^^^^^^^^
  File "C:\Users\dimka\PycharmProjects\VkSender\venv\Lib\site-packages\urllib3\connectionpool.py", line 536, in _make_request
    response = conn.getresponse()
               ^^^^^^^^^^^^^^^^^^
  File "C:\Users\dimka\PycharmProjects\VkSender\venv\Lib\site-packages\urllib3\connection.py", line 461, in getresponse
    httplib_response = super().getresponse()
                       ^^^^^^^^^^^^^^^^^^^^^
  File "C:\Users\dimka\AppData\Local\Programs\Python\Python311\Lib\http\client.py", line 1374, in getresponse
    response.begin()
  File "C:\Users\dimka\AppData\Local\Programs\Python\Python311\Lib\http\client.py", line 318, in begin
    version, status, reason = self._read_status()
                              ^^^^^^^^^^^^^^^^^^^
  File "C:\Users\dimka\AppData\Local\Programs\Python\Python311\Lib\http\client.py", line 287, in _read_status
    raise RemoteDisconnected("Remote end closed connection without"
urllib3.exceptions.ProtocolError: ('Connection aborted.', RemoteDisconnected('Remote end closed connection without response'))

During handling of the above exception, another exception occurred:

Traceback (most recent call last):
  File "C:\Users\dimka\PycharmProjects\VkSender\main.py", line 124, in <module>
    main()
  File "C:\Users\dimka\PycharmProjects\VkSender\main.py", line 83, in main
    vk.messages.send(
  File "C:\Users\dimka\PycharmProjects\VkSender\venv\Lib\site-packages\vk_api\vk_api.py", line 737, in __call__
    return self._vk.method(self._method, kwargs)
           ^^^^^^^^^^^^^^^^^^^^^^^^^^^^^^^^^^^^^
  File "C:\Users\dimka\PycharmProjects\VkSender\venv\Lib\site-packages\vk_api\vk_api.py", line 660, in method
    response = self.http.post(
               ^^^^^^^^^^^^^^^
  File "C:\Users\dimka\PycharmProjects\VkSender\venv\Lib\site-packages\requests\sessions.py", line 637, in post
    return self.request("POST", url, data=data, json=json, **kwargs)
           ^^^^^^^^^^^^^^^^^^^^^^^^^^^^^^^^^^^^^^^^^^^^^^^^^^^^^^^^^
  File "C:\Users\dimka\PycharmProjects\VkSender\venv\Lib\site-packages\requests\sessions.py", line 589, in request
    resp = self.send(prep, **send_kwargs)
           ^^^^^^^^^^^^^^^^^^^^^^^^^^^^^^
  File "C:\Users\dimka\PycharmProjects\VkSender\venv\Lib\site-packages\requests\sessions.py", line 703, in send
    r = adapter.send(request, **kwargs)
        ^^^^^^^^^^^^^^^^^^^^^^^^^^^^^^^
  File "C:\Users\dimka\PycharmProjects\VkSender\venv\Lib\site-packages\requests\adapters.py", line 501, in send
    raise ConnectionError(err, request=request)
requests.exceptions.ConnectionError: ('Connection aborted.', RemoteDisconnected('Remote end closed connection without response'))

INFO:apscheduler.scheduler:Adding job tentatively -- it will be properly scheduled when the scheduler starts
INFO:apscheduler.scheduler:Added job "check_posts" to job store "default"
INFO:apscheduler.scheduler:Scheduler started
INFO:root:March 09 | 13:26:55 --> Запуск
INFO:root:March 09 | 13:27:01 --> Traceback (most recent call last):
  File "C:\Users\dimka\PycharmProjects\VkSender\main.py", line 124, in <module>
    main()
  File "C:\Users\dimka\PycharmProjects\VkSender\main.py", line 108, in main
    vk.messages.edit(
  File "C:\Users\dimka\PycharmProjects\VkSender\venv\Lib\site-packages\vk_api\vk_api.py", line 737, in __call__
    return self._vk.method(self._method, kwargs)
           ^^^^^^^^^^^^^^^^^^^^^^^^^^^^^^^^^^^^^
  File "C:\Users\dimka\PycharmProjects\VkSender\venv\Lib\site-packages\vk_api\vk_api.py", line 697, in method
    raise error
vk_api.exceptions.ApiError: [10] Internal server error

INFO:root:March 09 | 13:27:11 --> Запуск
INFO:root:March 09 | 13:27:55 --> Проверено
INFO:root:March 09 | 13:28:55 --> Проверено
INFO:root:March 09 | 13:29:55 --> Проверено
INFO:apscheduler.scheduler:Adding job tentatively -- it will be properly scheduled when the scheduler starts
INFO:apscheduler.scheduler:Added job "check_posts" to job store "default"
INFO:apscheduler.scheduler:Scheduler started
INFO:root:March 09 | 13:31:08 --> Запуск
INFO:root:March 09 | 13:32:08 --> Проверено
INFO:root:March 09 | 13:33:08 --> Проверено
INFO:root:March 09 | 13:34:08 --> Проверено
INFO:root:March 09 | 13:35:08 --> Проверено
INFO:root:March 09 | 13:36:08 --> Проверено
INFO:apscheduler.scheduler:Adding job tentatively -- it will be properly scheduled when the scheduler starts
INFO:apscheduler.scheduler:Added job "check_posts" to job store "default"
INFO:apscheduler.scheduler:Scheduler started
INFO:root:March 09 | 13:36:34 --> Запуск
INFO:root:March 09 | 13:37:34 --> Проверено
INFO:apscheduler.scheduler:Adding job tentatively -- it will be properly scheduled when the scheduler starts
INFO:apscheduler.scheduler:Added job "check_posts" to job store "default"
INFO:apscheduler.scheduler:Scheduler started
INFO:root:March 09 | 13:38:13 --> Запуск
INFO:apscheduler.scheduler:Adding job tentatively -- it will be properly scheduled when the scheduler starts
INFO:apscheduler.scheduler:Added job "check_posts" to job store "default"
INFO:apscheduler.scheduler:Scheduler started
INFO:root:March 09 | 13:38:42 --> Запуск
INFO:root:March 09 | 13:39:42 --> Проверено
INFO:root:March 09 | 13:40:42 --> Проверено
INFO:root:March 09 | 13:41:42 --> Проверено
INFO:root:March 09 | 13:42:42 --> Проверено
INFO:root:March 09 | 13:43:42 --> Проверено
INFO:root:March 09 | 13:44:42 --> Проверено
INFO:root:March 09 | 13:45:42 --> Проверено
INFO:root:March 09 | 13:46:42 --> Проверено
INFO:root:March 09 | 13:47:42 --> Проверено
INFO:apscheduler.scheduler:Adding job tentatively -- it will be properly scheduled when the scheduler starts
INFO:apscheduler.scheduler:Added job "check_posts" to job store "default"
INFO:apscheduler.scheduler:Scheduler started
INFO:root:March 09 | 13:48:14 --> Запуск
INFO:root:March 09 | 13:48:17 --> Traceback (most recent call last):
  File "C:\Users\dimka\PycharmProjects\VkSender\main.py", line 129, in <module>
    main()
  File "C:\Users\dimka\PycharmProjects\VkSender\main.py", line 90, in main
    r = vk.messages.sendMessageEventAnswer(
        ^^^^^^^^^^^^^^^^^^^^^^^^^^^^^^^^^^^
  File "C:\Users\dimka\PycharmProjects\VkSender\venv\Lib\site-packages\vk_api\vk_api.py", line 737, in __call__
    return self._vk.method(self._method, kwargs)
           ^^^^^^^^^^^^^^^^^^^^^^^^^^^^^^^^^^^^^
  File "C:\Users\dimka\PycharmProjects\VkSender\venv\Lib\site-packages\vk_api\vk_api.py", line 697, in method
    raise error
vk_api.exceptions.ApiError: [100] One of the parameters specified was missing or invalid: client_action has invalid type

INFO:root:March 09 | 13:48:27 --> Запуск
INFO:apscheduler.scheduler:Adding job tentatively -- it will be properly scheduled when the scheduler starts
INFO:apscheduler.scheduler:Added job "check_posts" to job store "default"
INFO:apscheduler.scheduler:Scheduler started
INFO:root:March 09 | 13:49:15 --> Запуск
INFO:root:March 09 | 13:50:15 --> Проверено
INFO:apscheduler.scheduler:Adding job tentatively -- it will be properly scheduled when the scheduler starts
INFO:apscheduler.scheduler:Added job "check_posts" to job store "default"
INFO:apscheduler.scheduler:Scheduler started
INFO:root:March 09 | 13:50:29 --> Запуск
INFO:apscheduler.scheduler:Adding job tentatively -- it will be properly scheduled when the scheduler starts
INFO:apscheduler.scheduler:Adding job tentatively -- it will be properly scheduled when the scheduler starts
INFO:apscheduler.scheduler:Added job "check_posts" to job store "default"
INFO:apscheduler.scheduler:Added job "check_posts" to job store "default"
INFO:apscheduler.scheduler:Scheduler started
INFO:root:March 12 | 08:41:51 --> Запуск
INFO:root:March 12 | 08:42:51 --> Проверено
INFO:root:March 12 | 08:42:52 --> https://vk.com/ktskursk?w=wall-145391943_20519
INFO:root:March 12 | 08:42:52 --> https://vk.com/ktskursk?w=wall-145391943_20518
INFO:root:March 12 | 08:42:52 --> https://vk.com/ktskursk?w=wall-145391943_20517
INFO:root:March 12 | 08:42:52 --> https://vk.com/ktskursk?w=wall-145391943_20516
INFO:root:March 12 | 08:43:01 --> Проверено
INFO:root:March 12 | 08:43:51 --> Проверено
INFO:root:March 12 | 08:44:11 --> Проверено
INFO:root:March 12 | 08:44:51 --> Проверено
INFO:root:March 12 | 08:45:21 --> Проверено
INFO:root:March 12 | 08:45:51 --> Проверено
INFO:root:March 12 | 08:46:31 --> Проверено
INFO:root:March 12 | 08:46:51 --> Проверено
INFO:root:March 12 | 08:47:41 --> Проверено
INFO:root:March 12 | 08:47:51 --> Проверено
INFO:root:March 12 | 08:48:51 --> Проверено
INFO:root:March 12 | 08:48:51 --> Проверено
INFO:root:March 12 | 08:49:51 --> Проверено
INFO:root:March 12 | 08:50:01 --> Проверено
INFO:root:March 12 | 08:50:51 --> Проверено
INFO:root:March 12 | 08:51:11 --> Проверено
INFO:root:March 12 | 08:51:51 --> Проверено
INFO:root:March 12 | 08:52:21 --> Проверено
INFO:root:March 12 | 08:52:52 --> Проверено
INFO:root:March 12 | 08:53:31 --> Проверено
INFO:root:March 12 | 08:53:51 --> Проверено
INFO:apscheduler.scheduler:Adding job tentatively -- it will be properly scheduled when the scheduler starts
INFO:apscheduler.scheduler:Adding job tentatively -- it will be properly scheduled when the scheduler starts
INFO:apscheduler.scheduler:Added job "check_posts" to job store "default"
INFO:apscheduler.scheduler:Added job "check_posts" to job store "default"
INFO:apscheduler.scheduler:Scheduler started
INFO:root:March 12 | 08:54:18 --> Запуск
INFO:root:March 12 | 08:55:18 --> Проверено
INFO:root:March 12 | 08:55:28 --> Проверено
INFO:apscheduler.scheduler:Adding job tentatively -- it will be properly scheduled when the scheduler starts
INFO:apscheduler.scheduler:Adding job tentatively -- it will be properly scheduled when the scheduler starts
INFO:apscheduler.scheduler:Added job "check_posts" to job store "default"
INFO:apscheduler.scheduler:Added job "check_repls" to job store "default"
INFO:apscheduler.scheduler:Scheduler started
INFO:root:March 12 | 08:55:55 --> Запуск
INFO:root:March 12 | 08:56:55 --> Проверено
INFO:root:March 12 | 08:57:55 --> Проверено
INFO:apscheduler.scheduler:Adding job tentatively -- it will be properly scheduled when the scheduler starts
INFO:apscheduler.scheduler:Adding job tentatively -- it will be properly scheduled when the scheduler starts
INFO:apscheduler.scheduler:Added job "check_posts" to job store "default"
INFO:apscheduler.scheduler:Added job "check_repls" to job store "default"
INFO:apscheduler.scheduler:Scheduler started
INFO:root:March 12 | 08:58:49 --> Запуск
INFO:root:March 12 | 08:59:49 --> Проверено
INFO:root:March 12 | 09:00:49 --> Проверено
INFO:root:March 12 | 09:01:49 --> Проверено
INFO:root:March 12 | 09:02:49 --> Проверено
INFO:root:March 12 | 09:03:49 --> Проверено
INFO:root:March 12 | 09:04:49 --> Проверено
INFO:apscheduler.scheduler:Adding job tentatively -- it will be properly scheduled when the scheduler starts
INFO:apscheduler.scheduler:Adding job tentatively -- it will be properly scheduled when the scheduler starts
INFO:apscheduler.scheduler:Added job "check_posts" to job store "default"
INFO:apscheduler.scheduler:Added job "check_repls" to job store "default"
INFO:apscheduler.scheduler:Scheduler started
INFO:root:March 12 | 09:05:47 --> Запуск
INFO:root:March 12 | 09:05:47 --> Traceback (most recent call last):
  File "C:\Users\dimka\PycharmProjects\VkSender\main.py", line 145, in <module>
    vk_session = VkApi(token=admin_token, v="5.199")
                 ^^^^^^^^^^^^^^^^^^^^^^^^^^^^^^^^^^^
TypeError: VkApi.__init__() got an unexpected keyword argument 'v'

INFO:apscheduler.scheduler:Adding job tentatively -- it will be properly scheduled when the scheduler starts
INFO:apscheduler.scheduler:Adding job tentatively -- it will be properly scheduled when the scheduler starts
INFO:apscheduler.scheduler:Added job "check_posts" to job store "default"
INFO:apscheduler.scheduler:Added job "check_repls" to job store "default"
INFO:apscheduler.scheduler:Scheduler started
INFO:root:March 12 | 09:06:30 --> Запуск
INFO:apscheduler.scheduler:Adding job tentatively -- it will be properly scheduled when the scheduler starts
INFO:apscheduler.scheduler:Adding job tentatively -- it will be properly scheduled when the scheduler starts
INFO:apscheduler.scheduler:Added job "check_posts" to job store "default"
INFO:apscheduler.scheduler:Added job "check_repls" to job store "default"
INFO:apscheduler.scheduler:Scheduler started
INFO:root:March 12 | 09:06:59 --> Запуск
INFO:root:March 12 | 09:07:59 --> Проверено
INFO:root:March 12 | 09:08:59 --> Проверено
INFO:apscheduler.scheduler:Adding job tentatively -- it will be properly scheduled when the scheduler starts
INFO:apscheduler.scheduler:Adding job tentatively -- it will be properly scheduled when the scheduler starts
INFO:apscheduler.scheduler:Added job "check_posts" to job store "default"
INFO:apscheduler.scheduler:Added job "check_repls" to job store "default"
INFO:apscheduler.scheduler:Scheduler started
INFO:root:March 12 | 09:35:45 --> Запуск
INFO:apscheduler.scheduler:Adding job tentatively -- it will be properly scheduled when the scheduler starts
INFO:apscheduler.scheduler:Adding job tentatively -- it will be properly scheduled when the scheduler starts
INFO:apscheduler.scheduler:Added job "check_posts" to job store "default"
INFO:apscheduler.scheduler:Added job "check_repls" to job store "default"
INFO:apscheduler.scheduler:Scheduler started
INFO:root:March 12 | 09:36:13 --> Запуск
INFO:apscheduler.scheduler:Adding job tentatively -- it will be properly scheduled when the scheduler starts
INFO:apscheduler.scheduler:Adding job tentatively -- it will be properly scheduled when the scheduler starts
INFO:apscheduler.scheduler:Added job "check_posts" to job store "default"
INFO:apscheduler.scheduler:Added job "check_repls" to job store "default"
INFO:apscheduler.scheduler:Scheduler started
INFO:root:March 12 | 09:36:28 --> Запуск
INFO:root:March 12 | 09:37:28 --> Проверено
INFO:apscheduler.scheduler:Adding job tentatively -- it will be properly scheduled when the scheduler starts
INFO:apscheduler.scheduler:Adding job tentatively -- it will be properly scheduled when the scheduler starts
INFO:apscheduler.scheduler:Added job "check_posts" to job store "default"
INFO:apscheduler.scheduler:Added job "check_repls" to job store "default"
INFO:apscheduler.scheduler:Scheduler started
INFO:root:March 12 | 09:38:18 --> Запуск
INFO:root:March 12 | 09:39:18 --> Проверено
INFO:apscheduler.scheduler:Adding job tentatively -- it will be properly scheduled when the scheduler starts
INFO:apscheduler.scheduler:Adding job tentatively -- it will be properly scheduled when the scheduler starts
INFO:apscheduler.scheduler:Added job "check_posts" to job store "default"
INFO:apscheduler.scheduler:Added job "check_repls" to job store "default"
INFO:apscheduler.scheduler:Scheduler started
INFO:root:March 12 | 09:39:50 --> Запуск
INFO:root:March 12 | 09:40:50 --> Проверено
INFO:apscheduler.scheduler:Adding job tentatively -- it will be properly scheduled when the scheduler starts
INFO:apscheduler.scheduler:Adding job tentatively -- it will be properly scheduled when the scheduler starts
INFO:apscheduler.scheduler:Added job "check_posts" to job store "default"
INFO:apscheduler.scheduler:Added job "check_repls" to job store "default"
INFO:apscheduler.scheduler:Scheduler started
INFO:root:March 12 | 09:41:28 --> Запуск
INFO:root:March 12 | 09:42:28 --> Проверено
INFO:apscheduler.scheduler:Adding job tentatively -- it will be properly scheduled when the scheduler starts
INFO:apscheduler.scheduler:Adding job tentatively -- it will be properly scheduled when the scheduler starts
INFO:apscheduler.scheduler:Added job "check_posts" to job store "default"
INFO:apscheduler.scheduler:Added job "check_repls" to job store "default"
INFO:apscheduler.scheduler:Scheduler started
INFO:root:March 12 | 09:43:13 --> Запуск
INFO:apscheduler.scheduler:Adding job tentatively -- it will be properly scheduled when the scheduler starts
INFO:apscheduler.scheduler:Adding job tentatively -- it will be properly scheduled when the scheduler starts
INFO:apscheduler.scheduler:Added job "check_posts" to job store "default"
INFO:apscheduler.scheduler:Added job "check_repls" to job store "default"
INFO:apscheduler.scheduler:Scheduler started
INFO:root:March 12 | 09:44:19 --> Запуск
INFO:apscheduler.scheduler:Adding job tentatively -- it will be properly scheduled when the scheduler starts
INFO:apscheduler.scheduler:Adding job tentatively -- it will be properly scheduled when the scheduler starts
INFO:apscheduler.scheduler:Added job "check_posts" to job store "default"
INFO:apscheduler.scheduler:Added job "check_repls" to job store "default"
INFO:apscheduler.scheduler:Scheduler started
INFO:root:March 12 | 09:44:25 --> Запуск
INFO:apscheduler.scheduler:Adding job tentatively -- it will be properly scheduled when the scheduler starts
INFO:apscheduler.scheduler:Adding job tentatively -- it will be properly scheduled when the scheduler starts
INFO:apscheduler.scheduler:Added job "check_posts" to job store "default"
INFO:apscheduler.scheduler:Added job "check_repls" to job store "default"
INFO:apscheduler.scheduler:Scheduler started
INFO:root:March 12 | 09:45:08 --> Запуск
INFO:apscheduler.scheduler:Adding job tentatively -- it will be properly scheduled when the scheduler starts
INFO:apscheduler.scheduler:Adding job tentatively -- it will be properly scheduled when the scheduler starts
INFO:apscheduler.scheduler:Added job "check_posts" to job store "default"
INFO:apscheduler.scheduler:Added job "check_repls" to job store "default"
INFO:apscheduler.scheduler:Scheduler started
INFO:root:March 12 | 09:45:21 --> Запуск
INFO:apscheduler.scheduler:Adding job tentatively -- it will be properly scheduled when the scheduler starts
INFO:apscheduler.scheduler:Adding job tentatively -- it will be properly scheduled when the scheduler starts
INFO:apscheduler.scheduler:Added job "check_posts" to job store "default"
INFO:apscheduler.scheduler:Added job "check_repls" to job store "default"
INFO:apscheduler.scheduler:Scheduler started
INFO:root:March 12 | 09:45:47 --> Запуск
INFO:apscheduler.scheduler:Adding job tentatively -- it will be properly scheduled when the scheduler starts
INFO:apscheduler.scheduler:Adding job tentatively -- it will be properly scheduled when the scheduler starts
INFO:apscheduler.scheduler:Added job "check_posts" to job store "default"
INFO:apscheduler.scheduler:Added job "check_repls" to job store "default"
INFO:apscheduler.scheduler:Scheduler started
INFO:root:March 12 | 09:48:30 --> Запуск
INFO:root:March 12 | 09:48:30 --> Traceback (most recent call last):
  File "C:\Users\dimka\PycharmProjects\VkSender\main.py", line 161, in <module>
    uservk_session.auth(token_only=True)
  File "C:\Users\dimka\PycharmProjects\VkSender\venv\Lib\site-packages\vk_api\vk_api.py", line 169, in auth
    raise LoginRequired('Login is required to auth')
vk_api.exceptions.LoginRequired: Login is required to auth

INFO:apscheduler.scheduler:Adding job tentatively -- it will be properly scheduled when the scheduler starts
INFO:apscheduler.scheduler:Adding job tentatively -- it will be properly scheduled when the scheduler starts
INFO:apscheduler.scheduler:Added job "check_posts" to job store "default"
INFO:apscheduler.scheduler:Added job "check_repls" to job store "default"
INFO:apscheduler.scheduler:Scheduler started
INFO:root:March 12 | 09:53:47 --> Запуск
INFO:apscheduler.scheduler:Adding job tentatively -- it will be properly scheduled when the scheduler starts
INFO:apscheduler.scheduler:Adding job tentatively -- it will be properly scheduled when the scheduler starts
INFO:apscheduler.scheduler:Added job "check_posts" to job store "default"
INFO:apscheduler.scheduler:Added job "check_repls" to job store "default"
INFO:apscheduler.scheduler:Scheduler started
INFO:root:March 12 | 09:56:55 --> Запуск
INFO:apscheduler.scheduler:Adding job tentatively -- it will be properly scheduled when the scheduler starts
INFO:apscheduler.scheduler:Adding job tentatively -- it will be properly scheduled when the scheduler starts
INFO:apscheduler.scheduler:Added job "check_posts" to job store "default"
INFO:apscheduler.scheduler:Added job "check_repls" to job store "default"
INFO:apscheduler.scheduler:Scheduler started
INFO:root:March 12 | 09:59:06 --> Запуск
INFO:apscheduler.scheduler:Adding job tentatively -- it will be properly scheduled when the scheduler starts
INFO:apscheduler.scheduler:Adding job tentatively -- it will be properly scheduled when the scheduler starts
INFO:apscheduler.scheduler:Added job "check_posts" to job store "default"
INFO:apscheduler.scheduler:Added job "check_repls" to job store "default"
INFO:apscheduler.scheduler:Scheduler started
INFO:root:March 12 | 09:59:19 --> Запуск
INFO:root:March 12 | 09:59:23 --> C:/Users/dimka/PycharmProjects/VkSender/repls/img.jpg
INFO:apscheduler.scheduler:Adding job tentatively -- it will be properly scheduled when the scheduler starts
INFO:apscheduler.scheduler:Adding job tentatively -- it will be properly scheduled when the scheduler starts
INFO:apscheduler.scheduler:Added job "check_posts" to job store "default"
INFO:apscheduler.scheduler:Added job "check_repls" to job store "default"
INFO:apscheduler.scheduler:Scheduler started
INFO:root:March 12 | 16:26:21 --> Запуск
INFO:apscheduler.scheduler:Adding job tentatively -- it will be properly scheduled when the scheduler starts
INFO:apscheduler.scheduler:Adding job tentatively -- it will be properly scheduled when the scheduler starts
INFO:apscheduler.scheduler:Added job "check_posts" to job store "default"
INFO:apscheduler.scheduler:Added job "check_repls" to job store "default"
INFO:apscheduler.scheduler:Scheduler started
INFO:root:March 12 | 16:26:56 --> Запуск
INFO:root:March 12 | 16:27:33 --> Traceback (most recent call last):
  File "C:\Users\dimka\PycharmProjects\VkSender\main.py", line 178, in <module>
    main()
  File "C:\Users\dimka\PycharmProjects\VkSender\main.py", line 104, in main
    if not db.data[peer_id].get("repls"): db.data[peer_id].update({"repls": True})
           ~~~~~~~^^^^^^^^^
KeyError: '451418349'

INFO:root:March 12 | 16:27:43 --> Запуск
INFO:root:March 12 | 16:27:56 --> Проверено
INFO:apscheduler.scheduler:Adding job tentatively -- it will be properly scheduled when the scheduler starts
INFO:apscheduler.scheduler:Adding job tentatively -- it will be properly scheduled when the scheduler starts
INFO:apscheduler.scheduler:Added job "check_posts" to job store "default"
INFO:apscheduler.scheduler:Added job "check_repls" to job store "default"
INFO:apscheduler.scheduler:Scheduler started
INFO:root:March 12 | 16:28:26 --> Запуск
INFO:apscheduler.scheduler:Adding job tentatively -- it will be properly scheduled when the scheduler starts
INFO:apscheduler.scheduler:Adding job tentatively -- it will be properly scheduled when the scheduler starts
INFO:apscheduler.scheduler:Added job "check_posts" to job store "default"
INFO:apscheduler.scheduler:Added job "check_repls" to job store "default"
INFO:apscheduler.scheduler:Scheduler started
INFO:root:March 12 | 16:29:27 --> Запуск
INFO:root:March 12 | 16:30:27 --> Проверено
INFO:apscheduler.scheduler:Adding job tentatively -- it will be properly scheduled when the scheduler starts
INFO:apscheduler.scheduler:Adding job tentatively -- it will be properly scheduled when the scheduler starts
INFO:apscheduler.scheduler:Added job "check_posts" to job store "default"
INFO:apscheduler.scheduler:Added job "check_repls" to job store "default"
INFO:apscheduler.scheduler:Scheduler started
INFO:root:March 12 | 16:32:35 --> Запуск
INFO:root:March 12 | 16:33:35 --> Проверено
INFO:root:March 12 | 16:34:35 --> Проверено
INFO:root:March 12 | 16:35:35 --> Проверено
INFO:apscheduler.scheduler:Adding job tentatively -- it will be properly scheduled when the scheduler starts
INFO:apscheduler.scheduler:Adding job tentatively -- it will be properly scheduled when the scheduler starts
INFO:apscheduler.scheduler:Added job "check_posts" to job store "default"
INFO:apscheduler.scheduler:Added job "check_repls" to job store "default"
INFO:apscheduler.scheduler:Scheduler started
INFO:root:March 12 | 16:35:45 --> Запуск
INFO:apscheduler.scheduler:Adding job tentatively -- it will be properly scheduled when the scheduler starts
INFO:apscheduler.scheduler:Adding job tentatively -- it will be properly scheduled when the scheduler starts
INFO:apscheduler.scheduler:Added job "check_posts" to job store "default"
INFO:apscheduler.scheduler:Added job "check_repls" to job store "default"
INFO:apscheduler.scheduler:Scheduler started
INFO:root:March 12 | 16:36:14 --> Запуск
INFO:root:March 12 | 16:36:40 --> Traceback (most recent call last):
  File "C:\Users\dimka\PycharmProjects\VkSender\main.py", line 188, in <module>
    main()
  File "C:\Users\dimka\PycharmProjects\VkSender\main.py", line 113, in main
    message=f"Кажется такой группы нет, проверьте чтобы название точно совпадало с названием в расписании (регистр букв не важен), Если вы уверены в правильности ввода, напишите @oltry. \nСписок групп:\n{all_groups_send()}",
                                                                                                                                                                                                            ^^^^^^^^^^^^^^^^^
  File "C:\Users\dimka\PycharmProjects\VkSender\lib.py", line 143, in all_groups_send
    result += f"{c} курс: {c_groups.join(', ')}\n\n"
                           ^^^^^^^^^^^^^
AttributeError: 'list' object has no attribute 'join'

INFO:root:March 12 | 16:36:50 --> Запуск
INFO:root:March 12 | 16:37:14 --> Проверено
INFO:apscheduler.scheduler:Adding job tentatively -- it will be properly scheduled when the scheduler starts
INFO:apscheduler.scheduler:Adding job tentatively -- it will be properly scheduled when the scheduler starts
INFO:apscheduler.scheduler:Added job "check_posts" to job store "default"
INFO:apscheduler.scheduler:Added job "check_repls" to job store "default"
INFO:apscheduler.scheduler:Scheduler started
INFO:root:March 12 | 16:37:46 --> Запуск
INFO:apscheduler.scheduler:Adding job tentatively -- it will be properly scheduled when the scheduler starts
INFO:apscheduler.scheduler:Adding job tentatively -- it will be properly scheduled when the scheduler starts
INFO:apscheduler.scheduler:Added job "check_posts" to job store "default"
INFO:apscheduler.scheduler:Added job "check_repls" to job store "default"
INFO:apscheduler.scheduler:Scheduler started
INFO:root:March 12 | 16:38:36 --> Запуск
INFO:apscheduler.scheduler:Adding job tentatively -- it will be properly scheduled when the scheduler starts
INFO:apscheduler.scheduler:Adding job tentatively -- it will be properly scheduled when the scheduler starts
INFO:apscheduler.scheduler:Added job "check_posts" to job store "default"
INFO:apscheduler.scheduler:Added job "check_repls" to job store "default"
INFO:apscheduler.scheduler:Scheduler started
INFO:root:March 12 | 16:39:14 --> Запуск
INFO:root:March 12 | 16:39:26 --> Traceback (most recent call last):
  File "C:\Users\dimka\PycharmProjects\VkSender\main.py", line 178, in <module>
    main()
  File "C:\Users\dimka\PycharmProjects\VkSender\main.py", line 116, in main
    if not db.data[peer_id].get("repls"): db.data[peer_id].update({"repls": True})
           ~~~~~~~^^^^^^^^^
KeyError: '451418349'

INFO:root:March 12 | 16:39:36 --> Запуск
INFO:apscheduler.scheduler:Adding job tentatively -- it will be properly scheduled when the scheduler starts
INFO:apscheduler.scheduler:Adding job tentatively -- it will be properly scheduled when the scheduler starts
INFO:apscheduler.scheduler:Added job "check_posts" to job store "default"
INFO:apscheduler.scheduler:Added job "check_repls" to job store "default"
INFO:apscheduler.scheduler:Scheduler started
INFO:root:March 12 | 16:40:10 --> Запуск
INFO:apscheduler.scheduler:Adding job tentatively -- it will be properly scheduled when the scheduler starts
INFO:apscheduler.scheduler:Adding job tentatively -- it will be properly scheduled when the scheduler starts
INFO:apscheduler.scheduler:Added job "check_posts" to job store "default"
INFO:apscheduler.scheduler:Added job "check_repls" to job store "default"
INFO:apscheduler.scheduler:Scheduler started
INFO:root:March 12 | 16:44:36 --> Запуск
INFO:root:March 12 | 16:45:36 --> Проверено
INFO:apscheduler.scheduler:Adding job tentatively -- it will be properly scheduled when the scheduler starts
INFO:apscheduler.scheduler:Adding job tentatively -- it will be properly scheduled when the scheduler starts
INFO:apscheduler.scheduler:Added job "check_posts" to job store "default"
INFO:apscheduler.scheduler:Added job "check_repls" to job store "default"
INFO:apscheduler.scheduler:Scheduler started
INFO:root:March 12 | 16:46:00 --> Запуск
INFO:apscheduler.scheduler:Adding job tentatively -- it will be properly scheduled when the scheduler starts
INFO:apscheduler.scheduler:Adding job tentatively -- it will be properly scheduled when the scheduler starts
INFO:apscheduler.scheduler:Added job "check_posts" to job store "default"
INFO:apscheduler.scheduler:Added job "check_repls" to job store "default"
INFO:apscheduler.scheduler:Scheduler started
INFO:root:March 12 | 16:46:43 --> Запуск
INFO:root:March 12 | 16:47:43 --> Проверено
INFO:apscheduler.scheduler:Adding job tentatively -- it will be properly scheduled when the scheduler starts
INFO:apscheduler.scheduler:Adding job tentatively -- it will be properly scheduled when the scheduler starts
INFO:apscheduler.scheduler:Added job "check_posts" to job store "default"
INFO:apscheduler.scheduler:Added job "check_repls" to job store "default"
INFO:apscheduler.scheduler:Scheduler started
INFO:root:March 18 | 08:51:07 --> Запуск
INFO:root:March 18 | 08:52:07 --> Проверено
INFO:root:March 18 | 08:52:07 --> https://vk.com/ktskursk?w=wall-145391943_20587
INFO:root:March 18 | 08:52:07 --> https://vk.com/ktskursk?w=wall-145391943_20586
INFO:root:March 18 | 08:52:07 --> https://vk.com/ktskursk?w=wall-145391943_20585
INFO:root:March 18 | 08:52:07 --> https://vk.com/ktskursk?w=wall-145391943_20584
INFO:apscheduler.scheduler:Adding job tentatively -- it will be properly scheduled when the scheduler starts
INFO:apscheduler.scheduler:Adding job tentatively -- it will be properly scheduled when the scheduler starts
INFO:apscheduler.scheduler:Added job "check_posts" to job store "default"
INFO:apscheduler.scheduler:Added job "check_repls" to job store "default"
INFO:apscheduler.scheduler:Scheduler started
INFO:root:March 18 | 08:52:54 --> Запуск
INFO:root:March 18 | 08:53:54 --> Проверено
INFO:root:March 18 | 08:53:55 --> https://vk.com/ktskursk?w=wall-145391943_20587
INFO:root:March 18 | 08:53:55 --> https://vk.com/ktskursk?w=wall-145391943_20586
INFO:root:March 18 | 08:53:55 --> https://vk.com/ktskursk?w=wall-145391943_20585
INFO:root:March 18 | 08:53:55 --> https://vk.com/ktskursk?w=wall-145391943_20584
INFO:root:March 18 | 08:54:54 --> Проверено
INFO:apscheduler.scheduler:Adding job tentatively -- it will be properly scheduled when the scheduler starts
INFO:apscheduler.scheduler:Adding job tentatively -- it will be properly scheduled when the scheduler starts
INFO:apscheduler.scheduler:Added job "check_posts" to job store "default"
INFO:apscheduler.scheduler:Added job "check_repls" to job store "default"
INFO:apscheduler.scheduler:Scheduler started
INFO:root:March 18 | 08:55:00 --> Запуск
INFO:root:March 18 | 08:56:00 --> Проверено
INFO:apscheduler.scheduler:Adding job tentatively -- it will be properly scheduled when the scheduler starts
INFO:apscheduler.scheduler:Adding job tentatively -- it will be properly scheduled when the scheduler starts
INFO:apscheduler.scheduler:Added job "check_posts" to job store "default"
INFO:apscheduler.scheduler:Added job "check_repls" to job store "default"
INFO:apscheduler.scheduler:Scheduler started
INFO:root:March 18 | 08:56:16 --> Запуск
INFO:root:March 18 | 08:57:16 --> Проверено
INFO:root:March 18 | 08:57:17 --> https://vk.com/ktskursk?w=wall-145391943_20587
INFO:apscheduler.scheduler:Adding job tentatively -- it will be properly scheduled when the scheduler starts
INFO:apscheduler.scheduler:Adding job tentatively -- it will be properly scheduled when the scheduler starts
INFO:apscheduler.scheduler:Added job "check_posts" to job store "default"
INFO:apscheduler.scheduler:Added job "check_repls" to job store "default"
INFO:apscheduler.scheduler:Scheduler started
INFO:root:March 18 | 08:57:41 --> Запуск
INFO:root:March 18 | 08:58:41 --> Проверено
INFO:root:March 18 | 08:58:41 --> https://vk.com/ktskursk?w=wall-145391943_20586
INFO:root:March 18 | 08:58:41 --> https://vk.com/ktskursk?w=wall-145391943_20585
INFO:root:March 18 | 08:58:41 --> https://vk.com/ktskursk?w=wall-145391943_20584
INFO:root:March 18 | 08:59:41 --> Проверено
INFO:apscheduler.scheduler:Adding job tentatively -- it will be properly scheduled when the scheduler starts
INFO:apscheduler.scheduler:Adding job tentatively -- it will be properly scheduled when the scheduler starts
INFO:apscheduler.scheduler:Added job "check_posts" to job store "default"
INFO:apscheduler.scheduler:Added job "check_repls" to job store "default"
INFO:apscheduler.scheduler:Scheduler started
INFO:root:March 18 | 09:00:33 --> Запуск
INFO:apscheduler.scheduler:Adding job tentatively -- it will be properly scheduled when the scheduler starts
INFO:apscheduler.scheduler:Adding job tentatively -- it will be properly scheduled when the scheduler starts
INFO:apscheduler.scheduler:Added job "check_posts" to job store "default"
INFO:apscheduler.scheduler:Added job "check_repls" to job store "default"
INFO:apscheduler.scheduler:Scheduler started
INFO:root:March 18 | 09:00:48 --> Запуск
INFO:root:March 18 | 09:01:48 --> Проверено
INFO:root:March 18 | 09:01:48 --> https://vk.com/ktskursk?w=wall-145391943_20587
INFO:root:March 18 | 09:01:48 --> https://vk.com/ktskursk?w=wall-145391943_20586
INFO:root:March 18 | 09:01:48 --> https://vk.com/ktskursk?w=wall-145391943_20585
INFO:root:March 18 | 09:01:48 --> https://vk.com/ktskursk?w=wall-145391943_20584
